[27184:40128:0116/095538.967:WARNING:chrome_main_delegate.cc(745)] This is Chrome version 128.0.6613.138 (not a warning)
[27184:40128:0116/095539.077:WARNING:account_consistency_mode_manager.cc(77)] Desktop Identity Consistency cannot be enabled as no OAuth client ID and client secret have been configured.
[27184:34508:0116/095542.029:WARNING:leveldb_database.cc(141)] Unable to open C:\Users\Chris\Documents\GitHub\FriendShip\FriendShip\Saved\webcache_6613\Default\shared_proto_db\metadata: IO error: C:\Users\Chris\Documents\GitHub\FriendShip\FriendShip\Saved\webcache_6613\Default\shared_proto_db\metadata/MANIFEST-000001: Unable to create sequential file (ChromeMethodBFE: 7::NewSequentialFile::1)
[27184:34508:0116/095542.032:WARNING:leveldb_database.cc(141)] Unable to open C:\Users\Chris\Documents\GitHub\FriendShip\FriendShip\Saved\webcache_6613\Default\shared_proto_db\metadata: IO error: C:\Users\Chris\Documents\GitHub\FriendShip\FriendShip\Saved\webcache_6613\Default\shared_proto_db\metadata/MANIFEST-000001: Unable to create sequential file (ChromeMethodBFE: 7::NewSequentialFile::1)
[27184:34508:0116/095542.036:WARNING:leveldb_database.cc(141)] Unable to open C:\Users\Chris\Documents\GitHub\FriendShip\FriendShip\Saved\webcache_6613\Default\shared_proto_db\metadata: IO error: C:\Users\Chris\Documents\GitHub\FriendShip\FriendShip\Saved\webcache_6613\Default\shared_proto_db\metadata/MANIFEST-000001: Unable to create sequential file (ChromeMethodBFE: 7::NewSequentialFile::1)
[27184:34508:0116/095542.038:WARNING:leveldb_database.cc(141)] Unable to open C:\Users\Chris\Documents\GitHub\FriendShip\FriendShip\Saved\webcache_6613\Default\shared_proto_db\metadata: IO error: C:\Users\Chris\Documents\GitHub\FriendShip\FriendShip\Saved\webcache_6613\Default\shared_proto_db\metadata/MANIFEST-000001: Unable to create sequential file (ChromeMethodBFE: 7::NewSequentialFile::1)
[27184:14076:0116/095542.429:WARNING:value_store_frontend.cc(47)] Reading ahfgeienlihckogmohjhadlkjgocpleb.alarms from  failed: IO error: .../MANIFEST-000001: Unable to create sequential file (ChromeMethodBFE: 7::NewSequentialFile::1)
[27184:14076:0116/095542.432:WARNING:value_store_frontend.cc(47)] Reading mhjfbmdgcfjbbpaeojofohoefgiehjai.alarms from  failed: IO error: .../MANIFEST-000001: Unable to create sequential file (ChromeMethodBFE: 7::NewSequentialFile::1)
[20248:32440:0116/095542.568:WARNING:backend_impl.cc(1764)] Destroying invalid entry.
[29584:9684:0116/095543.884:WARNING:frame_impl.cc(430)] virtual CefFrameImpl::SendProcessMessage sent to detached frame 5-E167985360A2904A58B042A1F239D8A7 will be ignored
[20248:32440:0116/095544.216:ERROR:backend_impl.cc(989)] Critical error found -8
[20248:32440:0116/095544.216:WARNING:storage_block-inl.h(138)] Failed data load.
[20248:32440:0116/095544.216:WARNING:storage_block-inl.h(138)] Failed data load.
[20248:32440:0116/095544.216:ERROR:entry_impl.cc(1029)] No file for c1030012
[20248:32440:0116/095544.218:WARNING:storage_block-inl.h(138)] Failed data load.
[27184:40276:0116/095549.672:WARNING:leveldb_database.cc(141)] Unable to open C:\Users\Chris\Documents\GitHub\FriendShip\FriendShip\Saved\webcache_6613\Default\GCM Store\Encryption: IO error: C:\Users\Chris\Documents\GitHub\FriendShip\FriendShip\Saved\webcache_6613\Default\GCM Store\Encryption/MANIFEST-000001: Unable to create sequential file (ChromeMethodBFE: 7::NewSequentialFile::1)
[27184:40128:0116/095549.884:ERROR:device_event_log_impl.cc(196)] [09:55:49.545] USB: usb_service_win.cc:105 SetupDiGetDeviceProperty({{A45C254E-DF1C-4EFD-8020-67D146A850E0}, 6}) failed: Element not found. (0x490)
[27184:40128:0116/095948.430:ERROR:device_event_log_impl.cc(196)] [09:59:48.298] USB: usb_service_win.cc:105 SetupDiGetDeviceProperty({{A45C254E-DF1C-4EFD-8020-67D146A850E0}, 6}) failed: Element not found. (0x490)
[27184:40128:0116/100656.515:ERROR:device_event_log_impl.cc(196)] [10:06:56.340] USB: usb_service_win.cc:105 SetupDiGetDeviceProperty({{A45C254E-DF1C-4EFD-8020-67D146A850E0}, 6}) failed: Element not found. (0x490)
[27184:40128:0116/100746.521:ERROR:device_event_log_impl.cc(196)] [10:07:46.464] USB: usb_service_win.cc:105 SetupDiGetDeviceProperty({{A45C254E-DF1C-4EFD-8020-67D146A850E0}, 6}) failed: Element not found. (0x490)
[27184:40128:0116/100820.529:ERROR:device_event_log_impl.cc(196)] [10:08:20.323] USB: usb_service_win.cc:105 SetupDiGetDeviceProperty({{A45C254E-DF1C-4EFD-8020-67D146A850E0}, 6}) failed: Element not found. (0x490)
[27184:40128:0116/100827.197:ERROR:device_event_log_impl.cc(196)] [10:08:27.034] USB: usb_service_win.cc:105 SetupDiGetDeviceProperty({{A45C254E-DF1C-4EFD-8020-67D146A850E0}, 6}) failed: Element not found. (0x490)
[27184:40128:0116/100827.197:ERROR:device_event_log_impl.cc(196)] [10:08:27.129] USB: usb_service_win.cc:308 SetupDiEnumDeviceInterfaces: No more data is available. (0x103)
[27184:40128:0116/100954.882:ERROR:device_event_log_impl.cc(196)] [10:09:54.793] USB: usb_service_win.cc:105 SetupDiGetDeviceProperty({{A45C254E-DF1C-4EFD-8020-67D146A850E0}, 6}) failed: Element not found. (0x490)
[27184:40128:0116/101828.604:WARNING:pref_notifier_impl.cc(41)] Pref observer for media_router.cast_allow_all_ips found at shutdown.
