[34984:34508:0205/150944.156:WARNING:chrome_main_delegate.cc(745)] This is Chrome version 128.0.6613.138 (not a warning)
[34984:34508:0205/150944.405:WARNING:account_consistency_mode_manager.cc(77)] Desktop Identity Consistency cannot be enabled as no OAuth client ID and client secret have been configured.
[34984:34320:0205/150948.795:WARNING:leveldb_database.cc(141)] Unable to open C:\Users\Chris\Documents\GitHub\FriendShip\FriendShip\Saved\webcache_6613\Default\shared_proto_db\metadata: IO error: C:\Users\Chris\Documents\GitHub\FriendShip\FriendShip\Saved\webcache_6613\Default\shared_proto_db\metadata/MANIFEST-000001: Unable to create sequential file (ChromeMethodBFE: 7::NewSequentialFile::1)
[34984:34320:0205/150948.799:WARNING:leveldb_database.cc(141)] Unable to open C:\Users\Chris\Documents\GitHub\FriendShip\FriendShip\Saved\webcache_6613\Default\shared_proto_db\metadata: IO error: C:\Users\Chris\Documents\GitHub\FriendShip\FriendShip\Saved\webcache_6613\Default\shared_proto_db\metadata/MANIFEST-000001: Unable to create sequential file (ChromeMethodBFE: 7::NewSequentialFile::1)
[34984:34320:0205/150948.802:WARNING:leveldb_database.cc(141)] Unable to open C:\Users\Chris\Documents\GitHub\FriendShip\FriendShip\Saved\webcache_6613\Default\shared_proto_db\metadata: IO error: C:\Users\Chris\Documents\GitHub\FriendShip\FriendShip\Saved\webcache_6613\Default\shared_proto_db\metadata/MANIFEST-000001: Unable to create sequential file (ChromeMethodBFE: 7::NewSequentialFile::1)
[34984:34320:0205/150948.806:WARNING:leveldb_database.cc(141)] Unable to open C:\Users\Chris\Documents\GitHub\FriendShip\FriendShip\Saved\webcache_6613\Default\shared_proto_db\metadata: IO error: C:\Users\Chris\Documents\GitHub\FriendShip\FriendShip\Saved\webcache_6613\Default\shared_proto_db\metadata/MANIFEST-000001: Unable to create sequential file (ChromeMethodBFE: 7::NewSequentialFile::1)
[34984:39340:0205/150949.453:WARNING:value_store_frontend.cc(47)] Reading ahfgeienlihckogmohjhadlkjgocpleb.alarms from  failed: IO error: .../MANIFEST-000001: Unable to create sequential file (ChromeMethodBFE: 7::NewSequentialFile::1)
[34984:39340:0205/150949.455:WARNING:value_store_frontend.cc(47)] Reading mhjfbmdgcfjbbpaeojofohoefgiehjai.alarms from  failed: IO error: .../MANIFEST-000001: Unable to create sequential file (ChromeMethodBFE: 7::NewSequentialFile::1)
[34984:31652:0205/150949.972:WARNING:leveldb_database.cc(141)] Unable to open C:\Users\Chris\Documents\GitHub\FriendShip\FriendShip\Saved\webcache_6613\Default\GCM Store\Encryption: IO error: C:\Users\Chris\Documents\GitHub\FriendShip\FriendShip\Saved\webcache_6613\Default\GCM Store\Encryption/MANIFEST-000001: Unable to create sequential file (ChromeMethodBFE: 7::NewSequentialFile::1)
[34984:34508:0205/150950.209:ERROR:device_event_log_impl.cc(196)] [15:09:49.771] USB: usb_service_win.cc:105 SetupDiGetDeviceProperty({{A45C254E-DF1C-4EFD-8020-67D146A850E0}, 6}) failed: Element not found. (0x490)
[26692:28544:0205/150950.320:WARNING:frame_impl.cc(430)] virtual CefFrameImpl::SendProcessMessage sent to detached frame 5-6B3F548E1BA8DBEB7B4008CB06A99573 will be ignored
[34984:16140:0205/150951.039:WARNING:browser_info.cc(345)] Returning a speculative frame for [7,9]
[34984:34508:0205/150951.248:WARNING:browser_info.cc(345)] Returning a speculative frame for [10,9]
[34984:34508:0205/150951.248:WARNING:browser_info.cc(345)] Returning a speculative frame for [10,9]
[34984:34508:0205/150951.248:WARNING:browser_info.cc(345)] Returning a speculative frame for [10,9]
[34984:34508:0205/150951.248:WARNING:browser_info.cc(345)] Returning a speculative frame for [10,9]
[34984:16140:0205/150951.253:WARNING:browser_info.cc(345)] Returning a speculative frame for [10,9]
[34984:16140:0205/150952.213:ERROR:cast_crl.cc(443)] CRL - Verification failed.
[34984:34508:0205/151643.407:ERROR:device_event_log_impl.cc(196)] [15:16:41.078] USB: usb_service_win.cc:105 SetupDiGetDeviceProperty({{A45C254E-DF1C-4EFD-8020-67D146A850E0}, 6}) failed: Element not found. (0x490)
[34984:34508:0205/151951.021:WARNING:pref_notifier_impl.cc(41)] Pref observer for media_router.cast_allow_all_ips found at shutdown.
